<?xml version="1.0" encoding="UTF-8"?>
<!-- Generated by org.testng.reporters.JUnitXMLReporter -->
<testsuite ignored="0" hostname="DESKTOP-T0FEKI0" failures="0" tests="0" time="0.212" errors="0" timestamp="2023-07-08T13:43:36 PKT">
  <testcase classname="Vehicle.Automation.HomePageTests" name="@BeforeTest initialization" time="0.165">
    <failure type="java.lang.IllegalStateException" message="The driver executable must exist: C:\Users\Muhammad Tauseef\Documents\Eclipse_Projects\Automation\src\main\java\resources\chromedriver.exe">
      <![CDATA[java.lang.IllegalStateException: The driver executable must exist: C:\Users\Muhammad Tauseef\Documents\Eclipse_Projects\Automation\src\main\java\resources\chromedriver.exe
at org.openqa.selenium.internal.Require$FileStateChecker.isFile(Require.java:345)
at org.openqa.selenium.remote.service.DriverFinder.getPath(DriverFinder.java:39)
at org.openqa.selenium.chrome.ChromeDriver.generateExecutor(ChromeDriver.java:98)
at org.openqa.selenium.chrome.ChromeDriver.<init>(ChromeDriver.java:88)
at org.openqa.selenium.chrome.ChromeDriver.<init>(ChromeDriver.java:84)
at org.openqa.selenium.chrome.ChromeDriver.<init>(ChromeDriver.java:73)
at resources.base.initializeDriver(base.java:42)
at Vehicle.Automation.HomePageTests.initialization(HomePageTests.java:19)
... Removed 22 stack frames]]>
    </failure>
  </testcase> <!-- @BeforeTest initialization -->
</testsuite>
